<?xml version="1.0" encoding="UTF-8"?>
<!-- Generated by org.testng.reporters.JUnitReportReporter -->
<testsuite hostname="DESKTOP-R88S7GM" failures="0" tests="1" name="SalesForceAssignment.TestHomePage" time="7.660" errors="0" timestamp="28 Sep 2021 00:34:20 GMT" skipped="0">
  <testcase classname="SalesForceAssignment.TestHomePage" name="verifyDropdown" time="7.660"/>
</testsuite> <!-- SalesForceAssignment.TestHomePage -->
